D:\GITHUB\MOVIE\MOVIE\MOVIE\DEBUG\MAIN.OBJ
D:\GITHUB\MOVIE\MOVIE\MOVIE\DEBUG\MOVIE.OBJ
D:\GITHUB\MOVIE\MOVIE\MOVIE\DEBUG\VC110.PDB
D:\GITHUB\MOVIE\MOVIE\DEBUG\MOVIE.ILK
D:\GITHUB\MOVIE\MOVIE\DEBUG\MOVIE.EXE
D:\GITHUB\MOVIE\MOVIE\DEBUG\MOVIE.PDB
D:\github\movie\Movie\Movie\Debug\Main.obj
D:\github\movie\Movie\Movie\Debug\Movie.obj
D:\github\movie\Movie\Movie\Debug\cl.command.1.tlog
D:\github\movie\Movie\Movie\Debug\CL.read.1.tlog
D:\github\movie\Movie\Movie\Debug\CL.write.1.tlog
D:\github\movie\Movie\Movie\Debug\link-cvtres.read.1.tlog
D:\github\movie\Movie\Movie\Debug\link-cvtres.write.1.tlog
D:\github\movie\Movie\Movie\Debug\link-rc.read.1.tlog
D:\github\movie\Movie\Movie\Debug\link-rc.write.1.tlog
D:\github\movie\Movie\Movie\Debug\link.command.1.tlog
D:\github\movie\Movie\Movie\Debug\link.read.1.tlog
D:\github\movie\Movie\Movie\Debug\link.write.1.tlog
D:\github\movie\Movie\Movie\Debug\vc110.idb
D:\github\movie\Movie\Movie\Debug\vc110.pdb
D:\github\movie\Movie\Debug\Movie.pdb
D:\github\movie\Movie\Debug\Movie.exe
D:\github\movie\Movie\Debug\Movie.ilk
